################ SECTION H: Cross-verify 92xxxx is BJ via Sina/EM ################
Sina TRY: https://hq.sinajs.cn/list=bj920002
  STATUS: 200 CONTENT: var hq_str_bj920002="万达轴承,85.210,85.500,84.610,86.490,84.460,84.600,84.610,348399,29582113.900,6100,84.600,118,84.580,300,84.560,500,84.550,300,84.510,520,84.610,1934,84.640,1097,84.650,100,84.740,358,84.750,2026-04-24,15:30:01,00,67.5782,0.0000,0,8300000,B,T";

Sina TRY: https://hq.sinajs.cn/list=bj920000
  STATUS: 200 CONTENT: var hq_str_bj920000="安徽凤凰,16.680,16.320,15.800,16.680,15.800,15.780,15.800,543998,8725336.020,200,15.780,500,15.750,1100,15.710,1000,15.700,300,15.680,325231,15.800,12908,15.880,1677,15.890,1196,16.010,4127,16.030,2026-04-24,15:30:01,00,22.6258,0.0000,0,8300000,B,T";

Sina TRY: https://hq.sinajs.cn/list=bj920005
  STATUS: 200 CONTENT: var hq_str_bj920005="鼎佳精密,35.750,36.030,35.530,36.220,35.530,35.530,35.620,295317,10588729.290,1102,35.530,500,35.510,13385,35.500,100,35.360,200,35.350,2200,35.620,56,35.710,3000,35.780,554,35.790,3045,35.840,2026-04-24,15:30:01,00,50.2160,0.0000,0,8300000,B,T";

Sina TRY: https://hq.sinajs.cn/list=bj832000
  STATUS: 200 CONTENT: var hq_str_bj832000="安徽凤凰,0.000,0.000,0.000,0.000,0.000,0.000,0.000,0,0.000,0,0.000,0,0.000,0,0.000,0,0.000,0,0.000,0,0.000,0,0.000,0,0.000,0,0.000,0,0.000,2026-04-17,11:42:55,-3";

Sina TRY: https://hq.sinajs.cn/list=bj430017
  STATUS: 200 CONTENT: var hq_str_bj430017="星昊医药,0.000,0.000,0.000,0.000,0.000,0.000,0.000,0,0.000,0,0.000,0,0.000,0,0.000,0,0.000,0,0.000,0,0.000,0,0.000,0,0.000,0,0.000,0,0.000,2026-04-17,11:42:55,-3";

Sina TRY: https://hq.sinajs.cn/list=bj836419
  STATUS: 200 CONTENT: var hq_str_bj836419="万德股份,0.000,0.000,0.000,0.000,0.000,0.000,0.000,0,0.000,0,0.000,0,0.000,0,0.000,0,0.000,0,0.000,0,0.000,0,0.000,0,0.000,0,0.000,0,0.000,2026-04-17,11:42:55,-3";


################ SECTION I: Tencent qt.gtimg.cn (alt source) ################
Tencent TRY: https://qt.gtimg.cn/q=bj920002
  STATUS: 200 CONTENT: v_bj920002="62~万达轴承~920002~84.61~85.50~85.21~3484~1560~1924~84.60~61~84.58~1~84.56~3~84.55~5~84.51~3~84.61~5~84.64~19~84.65~11~84.74~1~84.75~4~~20260424154001~-0.89~-1.04~86.49~84.46~84.61/3484/29582114~3484~2958.21~1.09~64.76~~86.49~84.46~2.37~26.95~38.50~5.18~111.15~59.85~0.42~33~84.91~62.88~61.43~~~~2958.2114~0.0000~0~ ~GP~-22.94~-4.35~0.00~8.35~7.62~203.28~80.00~0.71~2.61~-21.92~31855109~45502
Tencent TRY: https://qt.gtimg.cn/q=bj832000
  STATUS: 200 CONTENT: v_bj832000="62~安徽凤凰~832000~7.00~7.00~0.00~0~0~0~0.00~0~0.00~0~0.00~0~0.00~0~0.00~0~0.00~0~0.00~0~0.00~0~0.00~0~0.00~0~~20260424090000~0.00~0.00~0.00~0.00~7.00/0/0~0~0.00~0.00~9.70~C~0.00~0.00~0.00~3.38~6.42~0.97~-1~-1~0.00~0~0.00~9.70~9.70~~~~0.0000~0.0000~0~ ~GP~35.34~35.34~0.00~10.00~8.18~~~35.34~35.34~35.34~48306300~91680000~~35.34~48306300~~~35.34~0.00~~CNY~1~~0.00~0";

Tencent TRY: https://qt.gtimg.cn/q=bj430017
  STATUS: 200 CONTENT: v_bj430017="62~星昊医药~430017~14.55~14.55~0.00~0~0~0~0.00~0~0.00~0~0.00~0~0.00~0~0.00~0~0.00~0~0.00~0~0.00~0~0.00~0~0.00~0~~20260424090000~0.00~0.00~0.00~0.00~14.55/0/0~0~0.00~0.00~17.64~C~0.00~0.00~0.00~17.94~18.18~1.10~-1~-1~0.00~0~0.00~17.64~17.64~~~~0.0000~0.0000~0~ ~GP~4.32~4.32~0.00~5.53~4.62~~~4.32~4.32~4.32~123280900~124961200~~4.32~123280900~~~4.32~0.00~~CNY~0~~0.00~0";

Tencent TRY: https://qt.gtimg.cn/q=bj836419
  STATUS: 200 CONTENT: v_bj836419="62~万德股份~836419~11.01~11.01~0.00~0~0~0~0.00~0~0.00~0~0.00~0~0.00~0~0.00~0~0.00~0~0.00~0~0.00~0~0.00~0~0.00~0~~20260424090000~0.00~0.00~0.00~0.00~11.01/0/0~0~0.00~0.00~49.10~C~0.00~0.00~0.00~6.94~9.83~1.89~-1~-1~0.00~0~0.00~49.10~49.10~~~~0.0000~0.0000~0~ ~GP~3.75~3.75~0.00~3.85~3.48~~~3.75~3.75~3.75~62994354~89258104~~3.75~62994354~~~3.75~0.00~~CNY~0~~0.00~0";

Tencent TRY: https://qt.gtimg.cn/q=bj873169
  STATUS: 200 CONTENT: v_bj873169="62~七丰精工~873169~10.75~10.75~0.00~0~0~0~0.00~0~0.00~0~0.00~0~0.00~0~0.00~0~0.00~0~0.00~0~0.00~0~0.00~0~0.00~0~~20260424090000~0.00~0.00~0.00~0.00~10.75/0/0~0~0.00~0.00~29.13~C~0.00~0.00~0.00~5.46~8.79~2.58~-1~-1~0.00~0~0.00~29.13~29.13~~~~0.0000~0.0000~0~ ~GP~4.57~4.57~0.00~10.28~8.22~~~4.57~4.57~4.57~50836740~81745390~~4.57~50836740~~~4.57~0.00~~CNY~0~~0.00~0";


################ SECTION J: EM stock/get for 92xxxx ################
EM secid=0.920002
  STATUS: 200 CONTENT: {"rc":0,"rt":4,"svr":181240773,"lt":1,"full":1,"dlmkts":"","data":{"f43":8461,"f57":"920002","f58":"万达轴承","f60":8550,"f107":0,"f292":13}}
EM secid=116.920002
  STATUS: 200 CONTENT: {"rc":100,"rt":1,"svr":180606310,"lt":1,"full":1,"dlmkts":"","data":null}
EM secid=0.832000
  STATUS: 200 CONTENT: {"rc":0,"rt":4,"svr":183124118,"lt":1,"full":1,"dlmkts":"","data":{"f43":0,"f57":"832000","f58":"安徽凤凰(已切换)","f60":700,"f107":0,"f292":7}}
EM secid=116.832000
  STATUS: 200 CONTENT: {"rc":100,"rt":1,"svr":180606382,"lt":1,"full":1,"dlmkts":"","data":null}
EM secid=0.430017
  STATUS: 200 CONTENT: {"rc":0,"rt":4,"svr":181734925,"lt":1,"full":1,"dlmkts":"","data":{"f43":0,"f57":"430017","f58":"星昊医药(已切换)","f60":1455,"f107":0,"f292":7}}
EM secid=116.430017
  STATUS: 200 CONTENT: {"rc":100,"rt":1,"svr":180606389,"lt":1,"full":1,"dlmkts":"","data":null}
EM secid=0.873169
  STATUS: 200 CONTENT: {"rc":0,"rt":4,"svr":180606382,"lt":1,"full":1,"dlmkts":"","data":{"f43":0,"f57":"873169","f58":"七丰精工(已切换)","f60":1075,"f107":0,"f292":7}}
EM secid=116.873169
  STATUS: 200 CONTENT: {"rc":100,"rt":1,"svr":183120018,"lt":1,"full":1,"dlmkts":"","data":null}

################ SECTION K: AKShare-equivalent BJ list endpoints ################
BSE TRY: https://www.bse.com.cn/nqxxController/nqxxCnzq.do?callback=jQuery&page=0&type=&xxfcbj=&xxzqdm=&sortfield=xxzqdm&sorttype=asc&_=1777124342721 https://www.bse.com.cn/companyManage/listedCompany.html
  ERR: The operation has timed out.

################ SECTION L: Confirm cninfo coverage on 92xxxx ###############
92xxxx + cat=A鑲?count: 0
92xxxx all categories count: 313

Count Name
----- ----
  313 Aè¡



All numeric-coded count: 39681

################ DONE ################
